<?xml version="1.0" encoding="UTF-8"?>
<testng-results skipped="0" failed="0" ignored="3" total="5" passed="2">
  <reporter-output>
  </reporter-output>
  <suite name="Suite" duration-ms="16713" started-at="2023-03-06T19:34:09 IST" finished-at="2023-03-06T19:34:26 IST">
    <groups>
      <group name="regression">
        <method signature="PaylessAnonymousTestCases.AnonymousUserTestCases(java.util.Map)[pri:0, instance:testCases.PaylessAnonymousTestCases@821a96]" name="AnonymousUserTestCases" class="testCases.PaylessAnonymousTestCases"/>
        <method signature="PaylessAuthenticatedTestCases.AuthenticatedUserTestCases(java.util.Map)[pri:0, instance:testCases.PaylessAuthenticatedTestCases@625732]" name="AuthenticatedUserTestCases" class="testCases.PaylessAuthenticatedTestCases"/>
      </group> <!-- regression -->
      <group name="Paylesscar">
        <method signature="PaylessAnonymousTestCases.AnonymousUserTestCases(java.util.Map)[pri:0, instance:testCases.PaylessAnonymousTestCases@821a96]" name="AnonymousUserTestCases" class="testCases.PaylessAnonymousTestCases"/>
        <method signature="PaylessAuthenticatedTestCases.AuthenticatedUserTestCases(java.util.Map)[pri:0, instance:testCases.PaylessAuthenticatedTestCases@625732]" name="AuthenticatedUserTestCases" class="testCases.PaylessAuthenticatedTestCases"/>
      </group> <!-- Paylesscar -->
      <group name="sanity">
        <method signature="PaylessAnonymousTestCases.AnonymousUserTestCases(java.util.Map)[pri:0, instance:testCases.PaylessAnonymousTestCases@821a96]" name="AnonymousUserTestCases" class="testCases.PaylessAnonymousTestCases"/>
        <method signature="PaylessAuthenticatedTestCases.AuthenticatedUserTestCases(java.util.Map)[pri:0, instance:testCases.PaylessAuthenticatedTestCases@625732]" name="AuthenticatedUserTestCases" class="testCases.PaylessAuthenticatedTestCases"/>
      </group> <!-- sanity -->
    </groups>
    <test name="Test" duration-ms="16713" started-at="2023-03-06T19:34:09 IST" finished-at="2023-03-06T19:34:26 IST">
      <class name="testCases.PaylessAnonymousTestCases">
        <test-method status="PASS" signature="beforeGroupsTest(org.testng.xml.XmlTest)[pri:0, instance:testCases.PaylessAnonymousTestCases@821a96]" name="beforeGroupsTest" is-config="true" duration-ms="12" started-at="2023-03-06T19:34:09 IST" finished-at="2023-03-06T19:34:09 IST">
          <params>
            <param index="0">
              <value>
                <![CDATA[org.testng.xml.XmlTest@6ebf9ca9]]>
              </value>
            </param>
          </params>
          <reporter-output>
          </reporter-output>
        </test-method> <!-- beforeGroupsTest -->
        <test-method status="PASS" signature="startTest(org.testng.xml.XmlTest)[pri:0, instance:testCases.PaylessAnonymousTestCases@821a96]" name="startTest" is-config="true" duration-ms="232" started-at="2023-03-06T19:34:09 IST" finished-at="2023-03-06T19:34:09 IST">
          <params>
            <param index="0">
              <value>
                <![CDATA[org.testng.xml.XmlTest@6ebf9ca9]]>
              </value>
            </param>
          </params>
          <reporter-output>
          </reporter-output>
        </test-method> <!-- startTest -->
        <test-method status="PASS" signature="beforeMethodTestBase(java.lang.reflect.Method,[Ljava.lang.Object;)[pri:0, instance:testCases.PaylessAnonymousTestCases@821a96]" name="beforeMethodTestBase" is-config="true" duration-ms="1" started-at="2023-03-06T19:34:10 IST" finished-at="2023-03-06T19:34:10 IST">
          <params>
            <param index="0">
              <value>
                <![CDATA[public void testCases.PaylessAnonymousTestCases.AnonymousUserTestCases(java.util.Map)]]>
              </value>
            </param>
            <param index="1">
              <value>
                <![CDATA[[Ljava.lang.Object;@4a2ffb]]>
              </value>
            </param>
          </params>
          <reporter-output>
          </reporter-output>
        </test-method> <!-- beforeMethodTestBase -->
        <test-method status="PASS" signature="AnonymousUserTestCases(java.util.Map)[pri:0, instance:testCases.PaylessAnonymousTestCases@821a96]" name="AnonymousUserTestCases" duration-ms="7945" started-at="2023-03-06T19:34:10 IST" data-provider="dataAsMap" finished-at="2023-03-06T19:34:18 IST">
          <params>
            <param index="0">
              <value>
                <![CDATA[{PickUpLocation=ORD, CVV=NA, TestMethodName=AnonymousUserTestCases, Email=automation@yopmail.com, Address=NA, TestCaseName=Paylesscar_RES_Inbound_IATA_M_type_PayLater_US, DropOffTime=NA, DropOffDate=NA, PickUpTime=NA, PDN=NA, ExpiryYear=NA, Age=NA, Password=NA, Paylater&Paynow=Paylater, PickUpDate=NA, Coupon=MUZZ002, ExpiryMonth=NA, FirstName=Test, ZipCode=NA, CCNumber=NA, IATA=0105976L, City=NA, AGE1=NA, DropOffLocation=NA, ExpirationDate=NA, Username=NA, State=NA, Country=Thailand, PhoneNumber=NA, LastName=M, CancelReservation=NA, ModifyReservation=NA, UserType=Guest}]]>
              </value>
            </param>
          </params>
          <reporter-output>
          </reporter-output>
        </test-method> <!-- AnonymousUserTestCases -->
        <test-method status="PASS" signature="afterMethodTestBase(org.testng.ITestResult)[pri:0, instance:testCases.PaylessAnonymousTestCases@821a96]" name="afterMethodTestBase" is-config="true" duration-ms="827" started-at="2023-03-06T19:34:18 IST" finished-at="2023-03-06T19:34:19 IST">
          <params>
            <param index="0">
              <value>
                <![CDATA[[TestResult name=AnonymousUserTestCases status=SUCCESS method=PaylessAnonymousTestCases.AnonymousUserTestCases(java.util.Map)[pri:0, instance:testCases.PaylessAnonymousTestCases@821a96] output={null}]]]>
              </value>
            </param>
          </params>
          <reporter-output>
          </reporter-output>
        </test-method> <!-- afterMethodTestBase -->
        <test-method status="PASS" signature="afterGroupsTest(org.testng.xml.XmlTest)[pri:0, instance:testCases.PaylessAnonymousTestCases@821a96]" name="afterGroupsTest" is-config="true" duration-ms="10" started-at="2023-03-06T19:34:26 IST" finished-at="2023-03-06T19:34:26 IST">
          <params>
            <param index="0">
              <value>
                <![CDATA[org.testng.xml.XmlTest@6ebf9ca9]]>
              </value>
            </param>
          </params>
          <reporter-output>
          </reporter-output>
        </test-method> <!-- afterGroupsTest -->
      </class> <!-- testCases.PaylessAnonymousTestCases -->
      <class name="testCases.PaylessAuthenticatedTestCases">
        <test-method status="PASS" signature="AuthenticatedUserTestCases(java.util.Map)[pri:0, instance:testCases.PaylessAuthenticatedTestCases@625732]" name="AuthenticatedUserTestCases" duration-ms="6075" started-at="2023-03-06T19:34:19 IST" data-provider="dataAsMap" finished-at="2023-03-06T19:34:25 IST">
          <params>
            <param index="0">
              <value>
                <![CDATA[{PickUpLocation=ORD, CVV=NA, TestMethodName=AuthenticatedUserTestCases, Email=NA, Address=NA, TestCaseName=Paylesscar_RES_Profile_G_typeCoupon_Extras_Paylater_US, DropOffTime=11:30 PM, DropOffDate=03/22/2023, PickUpTime=11:00 AM, PDN=NA, ExpiryYear=NA, Age=NA, Password=Automation@123, Paylater&Paynow=Paylater, PickUpDate=03/13/2023, Coupon=GUZZ002, ExpiryMonth=NA, FirstName=NA, ZipCode=NA, CCNumber=NA, IATA=NA, City=NA, AGE1=NA, DropOffLocation=NA, ExpirationDate=NA, Username=automationtest, State=NA, Country=NA, PhoneNumber=NA, LastName=NA, CancelReservation=NA, ModifyReservation=NA, UserType=Signin}]]>
              </value>
            </param>
          </params>
          <reporter-output>
          </reporter-output>
        </test-method> <!-- AuthenticatedUserTestCases -->
        <test-method status="PASS" signature="beforeMethodTestBase(java.lang.reflect.Method,[Ljava.lang.Object;)[pri:0, instance:testCases.PaylessAuthenticatedTestCases@625732]" name="beforeMethodTestBase" is-config="true" duration-ms="0" started-at="2023-03-06T19:34:19 IST" finished-at="2023-03-06T19:34:19 IST">
          <params>
            <param index="0">
              <value>
                <![CDATA[public void testCases.PaylessAuthenticatedTestCases.AuthenticatedUserTestCases(java.util.Map)]]>
              </value>
            </param>
            <param index="1">
              <value>
                <![CDATA[[Ljava.lang.Object;@161d591]]>
              </value>
            </param>
          </params>
          <reporter-output>
          </reporter-output>
        </test-method> <!-- beforeMethodTestBase -->
        <test-method status="PASS" signature="afterMethodTestBase(org.testng.ITestResult)[pri:0, instance:testCases.PaylessAuthenticatedTestCases@625732]" name="afterMethodTestBase" is-config="true" duration-ms="825" started-at="2023-03-06T19:34:25 IST" finished-at="2023-03-06T19:34:26 IST">
          <params>
            <param index="0">
              <value>
                <![CDATA[[TestResult name=AuthenticatedUserTestCases status=SUCCESS method=PaylessAuthenticatedTestCases.AuthenticatedUserTestCases(java.util.Map)[pri:0, instance:testCases.PaylessAuthenticatedTestCases@625732] output={null}]]]>
              </value>
            </param>
          </params>
          <reporter-output>
          </reporter-output>
        </test-method> <!-- afterMethodTestBase -->
      </class> <!-- testCases.PaylessAuthenticatedTestCases -->
    </test> <!-- Test -->
  </suite> <!-- Suite -->
</testng-results>
