<?xml version="1.0" encoding="UTF-8"?>
<!-- Generated by org.testng.reporters.JUnitXMLReporter -->
<testsuite hostname="AnkurChaudhary" ignored="3" name="Test" tests="2" failures="0" timestamp="2023-03-06T19:34:26 IST" time="16.713" errors="0">
  <testcase name="AnonymousUserTestCases" time="7.945" classname="testCases.PaylessAnonymousTestCases"/>
  <testcase name="AuthenticatedUserTestCases" time="6.075" classname="testCases.PaylessAuthenticatedTestCases"/>
  <testcase name="@BeforeTest startTest" time="0.0" classname="com.avis.qa.core.TestBase">
    <ignored/>
  </testcase> <!-- @BeforeTest startTest -->
  <testcase name="@AfterSuite afterGroupsTest" time="0.0" classname="com.avis.qa.core.TestBase">
    <ignored/>
  </testcase> <!-- @AfterSuite afterGroupsTest -->
  <testcase name="@BeforeSuite beforeGroupsTest" time="0.0" classname="com.avis.qa.core.TestBase">
    <ignored/>
  </testcase> <!-- @BeforeSuite beforeGroupsTest -->
</testsuite> <!-- Test -->
