<?xml version="1.0" encoding="UTF-8"?>
<!-- Generated by org.testng.reporters.JUnitXMLReporter -->
<testsuite hostname="AnkurChaudhary" ignored="3" name="Test" tests="0" failures="0" timestamp="2023-03-07T10:47:32 IST" time="5.681" errors="0">
  <testcase name="@BeforeTest startTest" time="0.0" classname="com.avis.qa.core.TestBase">
    <ignored/>
  </testcase> <!-- @BeforeTest startTest -->
  <testcase name="@AfterSuite afterGroupsTest" time="0.0" classname="com.avis.qa.core.TestBase">
    <ignored/>
  </testcase> <!-- @AfterSuite afterGroupsTest -->
  <testcase name="@BeforeSuite beforeGroupsTest" time="0.0" classname="com.avis.qa.core.TestBase">
    <ignored/>
  </testcase> <!-- @BeforeSuite beforeGroupsTest -->
</testsuite> <!-- Test -->
