<testsuite hostname="TestResult" ignored="2" name="Test" tests="1" failures="0" timestamp="2023-01-17T11:51:36 IST" time="28.492" errors="0">
<testcase name="Budget_RES_Digital_wallet_Uplift_Direct_modify_flow_US"  classname=" testCases.BudgetAnonymousTestCases">
<failure type="org.openqa.selenium.NoSuchElementException" message=" no such element">
<![CDATA[ Unable to locate elementno such element: Unable to locate element: {"method":"xpath","selector":"//div[@class='row accept']//h1[@class='header-txt']"}
  (Session info: chrome=114.0.5735.110)
For documentation on this error, please visit: https://www.seleniumhq.org/exceptions/no_such_element.html
Build info: version: '3.141.59', revision: 'e82be7d358', time: '2018-11-14T08:17:03'
System info: host: 'ANKUR-C-PF3HMY4', ip: '192.168.0.106', os.name: 'Windows 10', os.arch: 'x86', os.version: '10.0', java.version: '1.8.0_192'
Driver info: org.openqa.selenium.chrome.ChromeDriver
Capabilities {acceptInsecureCerts: true, browserName: chrome, browserVersion: 114.0.5735.110, chrome: {chromedriverVersion: 114.0.5735.90 (386bc09e8f4f..., userDataDir: C:\Users\Lenovo\AppData\Loc...}, goog:chromeOptions: {debuggerAddress: localhost:49178}, javascriptEnabled: true, networkConnectionEnabled: false, pageLoadStrategy: normal, platform: WINDOWS, platformName: WINDOWS, proxy: Proxy(), setWindowRect: true, strictFileInteractability: false, timeouts: {implicit: 0, pageLoad: 300000, script: 30000}, unhandledPromptBehavior: dismiss and notify, webauthn:extension:credBlob: true, webauthn:extension:largeBlob: true, webauthn:extension:minPinLength: true, webauthn:extension:prf: true, webauthn:virtualAuthenticators: true}
Session ID: 2d2606ced5001be1507d47eb7d52d6a1
*** Element info: {Using=xpath, value=//div[@class='row accept']//h1[@class='header-txt']}]]>
</failure>
</testcase>

</testsuite>
